<?xml version="1.0" encoding="UTF-8"?>
<testng-results skipped="0" failed="1" ignored="0" total="3" passed="2">
  <reporter-output>
  </reporter-output>
  <suite name="GroupsTesting" duration-ms="49583" started-at="2018-07-19T03:54:45Z" finished-at="2018-07-19T03:55:35Z">
    <groups>
    </groups>
    <test name="Groups" duration-ms="49583" started-at="2018-07-19T03:54:45Z" finished-at="2018-07-19T03:55:35Z">
      <class name="vijay.pak.maven1">
        <test-method status="PASS" signature="LaunchApp()[pri:0, instance:vijay.pak.maven1@56aac163]" name="LaunchApp" is-config="true" duration-ms="13288" started-at="2018-07-19T03:54:45Z" finished-at="2018-07-19T03:54:58Z">
          <reporter-output>
          </reporter-output>
        </test-method> <!-- LaunchApp -->
        <test-method status="PASS" signature="Tc_1()[pri:0, instance:vijay.pak.maven1@56aac163]" name="Tc_1" duration-ms="5008" started-at="2018-07-19T03:54:58Z" finished-at="2018-07-19T03:55:03Z">
          <reporter-output>
          </reporter-output>
        </test-method> <!-- Tc_1 -->
        <test-method status="PASS" signature="CloseApp()[pri:0, instance:vijay.pak.maven1@56aac163]" name="CloseApp" is-config="true" duration-ms="1101" started-at="2018-07-19T03:55:03Z" finished-at="2018-07-19T03:55:05Z">
          <reporter-output>
          </reporter-output>
        </test-method> <!-- CloseApp -->
        <test-method status="PASS" signature="LaunchApp()[pri:0, instance:vijay.pak.maven1@56aac163]" name="LaunchApp" is-config="true" duration-ms="10140" started-at="2018-07-19T03:55:05Z" finished-at="2018-07-19T03:55:15Z">
          <reporter-output>
          </reporter-output>
        </test-method> <!-- LaunchApp -->
        <test-method status="PASS" signature="Tc_2()[pri:0, instance:vijay.pak.maven1@56aac163]" name="Tc_2" duration-ms="4580" started-at="2018-07-19T03:55:15Z" finished-at="2018-07-19T03:55:19Z">
          <reporter-output>
          </reporter-output>
        </test-method> <!-- Tc_2 -->
        <test-method status="PASS" signature="CloseApp()[pri:0, instance:vijay.pak.maven1@56aac163]" name="CloseApp" is-config="true" duration-ms="568" started-at="2018-07-19T03:55:19Z" finished-at="2018-07-19T03:55:20Z">
          <reporter-output>
          </reporter-output>
        </test-method> <!-- CloseApp -->
        <test-method status="PASS" signature="LaunchApp()[pri:0, instance:vijay.pak.maven1@56aac163]" name="LaunchApp" is-config="true" duration-ms="9941" started-at="2018-07-19T03:55:20Z" finished-at="2018-07-19T03:55:30Z">
          <reporter-output>
          </reporter-output>
        </test-method> <!-- LaunchApp -->
        <test-method status="FAIL" signature="Tc_3()[pri:0, instance:vijay.pak.maven1@56aac163]" name="Tc_3" duration-ms="4343" started-at="2018-07-19T03:55:30Z" finished-at="2018-07-19T03:55:34Z">
          <exception class="org.openqa.selenium.NoSuchElementException">
            <message>
              <![CDATA[no such element: Unable to locate element: {"method":"link text","selector":"Best Sellers"}
  (Session info: chrome=67.0.3396.99)
  (Driver info: chromedriver=2.40.565498 (ea082db3280dd6843ebfb08a625e3eb905c4f5ab),platform=Windows NT 6.1.7601 SP1 x86_64) (WARNING: The server did not provide any stacktrace information)
Command duration or timeout: 0 milliseconds
For documentation on this error, please visit: http://seleniumhq.org/exceptions/no_such_element.html
Build info: version: '3.13.0', revision: '2f0d292', time: '2018-06-25T15:24:21.231Z'
System info: host: 'OM-PC', ip: '192.168.56.1', os.name: 'Windows 7', os.arch: 'amd64', os.version: '6.1', java.version: '1.8.0_151'
Driver info: org.openqa.selenium.chrome.ChromeDriver
Capabilities {acceptInsecureCerts: false, acceptSslCerts: false, applicationCacheEnabled: false, browserConnectionEnabled: false, browserName: chrome, chrome: {chromedriverVersion: 2.40.565498 (ea082db3280dd6..., userDataDir: C:\Users\om\AppData\Local\T...}, cssSelectorsEnabled: true, databaseEnabled: false, handlesAlerts: true, hasTouchScreen: false, javascriptEnabled: true, locationContextEnabled: true, mobileEmulationEnabled: false, nativeEvents: true, networkConnectionEnabled: false, pageLoadStrategy: normal, platform: XP, platformName: XP, rotatable: false, setWindowRect: true, takesHeapSnapshot: true, takesScreenshot: true, unexpectedAlertBehaviour: , unhandledPromptBehavior: , version: 67.0.3396.99, webStorageEnabled: true}
Session ID: b265a1c76f8f8d72606a93616cb6e58c
*** Element info: {Using=link text, value=Best Sellers}]]>
            </message>
            <full-stacktrace>
              <![CDATA[org.openqa.selenium.NoSuchElementException: no such element: Unable to locate element: {"method":"link text","selector":"Best Sellers"}
  (Session info: chrome=67.0.3396.99)
  (Driver info: chromedriver=2.40.565498 (ea082db3280dd6843ebfb08a625e3eb905c4f5ab),platform=Windows NT 6.1.7601 SP1 x86_64) (WARNING: The server did not provide any stacktrace information)
Command duration or timeout: 0 milliseconds
For documentation on this error, please visit: http://seleniumhq.org/exceptions/no_such_element.html
Build info: version: '3.13.0', revision: '2f0d292', time: '2018-06-25T15:24:21.231Z'
System info: host: 'OM-PC', ip: '192.168.56.1', os.name: 'Windows 7', os.arch: 'amd64', os.version: '6.1', java.version: '1.8.0_151'
Driver info: org.openqa.selenium.chrome.ChromeDriver
Capabilities {acceptInsecureCerts: false, acceptSslCerts: false, applicationCacheEnabled: false, browserConnectionEnabled: false, browserName: chrome, chrome: {chromedriverVersion: 2.40.565498 (ea082db3280dd6..., userDataDir: C:\Users\om\AppData\Local\T...}, cssSelectorsEnabled: true, databaseEnabled: false, handlesAlerts: true, hasTouchScreen: false, javascriptEnabled: true, locationContextEnabled: true, mobileEmulationEnabled: false, nativeEvents: true, networkConnectionEnabled: false, pageLoadStrategy: normal, platform: XP, platformName: XP, rotatable: false, setWindowRect: true, takesHeapSnapshot: true, takesScreenshot: true, unexpectedAlertBehaviour: , unhandledPromptBehavior: , version: 67.0.3396.99, webStorageEnabled: true}
Session ID: b265a1c76f8f8d72606a93616cb6e58c
*** Element info: {Using=link text, value=Best Sellers}
at sun.reflect.NativeConstructorAccessorImpl.newInstance0(Native Method)
at sun.reflect.NativeConstructorAccessorImpl.newInstance(Unknown Source)
at sun.reflect.DelegatingConstructorAccessorImpl.newInstance(Unknown Source)
at java.lang.reflect.Constructor.newInstance(Unknown Source)
at org.openqa.selenium.remote.ErrorHandler.createThrowable(ErrorHandler.java:214)
at org.openqa.selenium.remote.ErrorHandler.throwIfResponseFailed(ErrorHandler.java:166)
at org.openqa.selenium.remote.http.JsonHttpResponseCodec.reconstructValue(JsonHttpResponseCodec.java:40)
at org.openqa.selenium.remote.http.AbstractHttpResponseCodec.decode(AbstractHttpResponseCodec.java:80)
at org.openqa.selenium.remote.http.AbstractHttpResponseCodec.decode(AbstractHttpResponseCodec.java:44)
at org.openqa.selenium.remote.HttpCommandExecutor.execute(HttpCommandExecutor.java:158)
at org.openqa.selenium.remote.service.DriverCommandExecutor.execute(DriverCommandExecutor.java:83)
at org.openqa.selenium.remote.RemoteWebDriver.execute(RemoteWebDriver.java:548)
at org.openqa.selenium.remote.RemoteWebDriver.findElement(RemoteWebDriver.java:322)
at org.openqa.selenium.remote.RemoteWebDriver.findElementByLinkText(RemoteWebDriver.java:376)
at org.openqa.selenium.By$ByLinkText.findElement(By.java:220)
at org.openqa.selenium.remote.RemoteWebDriver.findElement(RemoteWebDriver.java:314)
at vijay.pak.maven1.Tc_3(maven1.java:48)
at sun.reflect.NativeMethodAccessorImpl.invoke0(Native Method)
at sun.reflect.NativeMethodAccessorImpl.invoke(Unknown Source)
at sun.reflect.DelegatingMethodAccessorImpl.invoke(Unknown Source)
at java.lang.reflect.Method.invoke(Unknown Source)
at org.testng.internal.MethodInvocationHelper.invokeMethod(MethodInvocationHelper.java:124)
at org.testng.internal.Invoker.invokeMethod(Invoker.java:583)
at org.testng.internal.Invoker.invokeTestMethod(Invoker.java:719)
at org.testng.internal.Invoker.invokeTestMethods(Invoker.java:989)
at org.testng.internal.TestMethodWorker.invokeTestMethods(TestMethodWorker.java:125)
at org.testng.internal.TestMethodWorker.run(TestMethodWorker.java:109)
at org.testng.TestRunner.privateRun(TestRunner.java:648)
at org.testng.TestRunner.run(TestRunner.java:505)
at org.testng.SuiteRunner.runTest(SuiteRunner.java:455)
at org.testng.SuiteRunner.runSequentially(SuiteRunner.java:450)
at org.testng.SuiteRunner.privateRun(SuiteRunner.java:415)
at org.testng.SuiteRunner.run(SuiteRunner.java:364)
at org.testng.SuiteRunnerWorker.runSuite(SuiteRunnerWorker.java:52)
at org.testng.SuiteRunnerWorker.run(SuiteRunnerWorker.java:84)
at org.testng.TestNG.runSuitesSequentially(TestNG.java:1208)
at org.testng.TestNG.runSuitesLocally(TestNG.java:1137)
at org.testng.TestNG.runSuites(TestNG.java:1049)
at org.testng.TestNG.run(TestNG.java:1017)
at org.apache.maven.surefire.testng.TestNGExecutor.run(TestNGExecutor.java:283)
at org.apache.maven.surefire.testng.TestNGXmlTestSuite.execute(TestNGXmlTestSuite.java:75)
at org.apache.maven.surefire.testng.TestNGProvider.invoke(TestNGProvider.java:120)
at org.apache.maven.surefire.booter.ForkedBooter.invokeProviderInSameClassLoader(ForkedBooter.java:383)
at org.apache.maven.surefire.booter.ForkedBooter.runSuitesInProcess(ForkedBooter.java:344)
at org.apache.maven.surefire.booter.ForkedBooter.execute(ForkedBooter.java:125)
at org.apache.maven.surefire.booter.ForkedBooter.main(ForkedBooter.java:417)
]]>
            </full-stacktrace>
          </exception> <!-- org.openqa.selenium.NoSuchElementException -->
          <reporter-output>
          </reporter-output>
        </test-method> <!-- Tc_3 -->
        <test-method status="PASS" signature="CloseApp()[pri:0, instance:vijay.pak.maven1@56aac163]" name="CloseApp" is-config="true" duration-ms="571" started-at="2018-07-19T03:55:34Z" finished-at="2018-07-19T03:55:35Z">
          <reporter-output>
          </reporter-output>
        </test-method> <!-- CloseApp -->
      </class> <!-- vijay.pak.maven1 -->
    </test> <!-- Groups -->
  </suite> <!-- GroupsTesting -->
</testng-results>
